[main 89471df] Auto commit on 2024-08-22 09:16:40
 22 files changed, 20146 insertions(+), 1 deletion(-)
 create mode 100644 .gitignore
 create mode 100644 README.md
 create mode 100755 auto-push.sh
 create mode 100644 dockerfile
 create mode 100644 nohup.out
 create mode 100644 package-lock.json
 create mode 100644 package.json
 create mode 100644 public/favicon.ico
 create mode 100644 public/index.html
 create mode 100644 public/logo192.png
 create mode 100644 public/logo512.png
 create mode 100644 public/manifest.json
 create mode 100644 public/robots.txt
 delete mode 100644 read
 create mode 100644 src/App.css
 create mode 100644 src/App.js
 create mode 100644 src/App.test.js
 create mode 100644 src/index.css
 create mode 100644 src/index.js
 create mode 100644 src/logo.svg
 create mode 100644 src/reportWebVitals.js
 create mode 100644 src/setupTests.js
To https://github.com/Ahmer-rehman/devdock
   9fe00fe..89471df  main -> main
